<?xml version="1.0" encoding="UTF-8"?>
<!-- Generated by org.testng.reporters.JUnitXMLReporter -->
<testsuite hostname="AL02274756.local" ignored="5" name="Default test" tests="1" failures="0" timestamp="03 Jun 2023 11:01:31 GMT" time="54.209" errors="0">
  <testcase name="TC_01_04_정렬" time="48.796" classname="com.example.TC_NTV_VodComment"/>
  <testcase name="TC_01_02_댓글_차트" time="0.0" classname="com.example.TC_NTV_VodComment">
    <ignored/>
  </testcase> <!-- TC_01_02_댓글_차트 -->
  <testcase name="TC_08_02_비로그인_답글" time="0.0" classname="com.example.TC_NTV_VodComment">
    <ignored/>
  </testcase> <!-- TC_08_02_비로그인_답글 -->
  <testcase name="TC_01_댓글_타이틀_영역" time="0.0" classname="com.example.TC_NTV_VodComment">
    <ignored/>
  </testcase> <!-- TC_01_댓글_타이틀_영역 -->
  <testcase name="TC_08_01_비로그인_댓글" time="0.0" classname="com.example.TC_NTV_VodComment">
    <ignored/>
  </testcase> <!-- TC_08_01_비로그인_댓글 -->
  <testcase name="TC_01_03_플레이스홀더" time="0.0" classname="com.example.TC_NTV_VodComment">
    <ignored/>
  </testcase> <!-- TC_01_03_플레이스홀더 -->
</testsuite> <!-- Default test -->
