<?xml version="1.0" encoding="UTF-8"?>
<testng-results ignored="0" total="1" passed="1" failed="0" skipped="0">
  <reporter-output>
  </reporter-output>
  <suite started-at="2023-11-05T01:16:48 KST" name="Default suite" finished-at="2023-11-05T01:17:03 KST" duration-ms="14650">
    <groups>
    </groups>
    <test started-at="2023-11-05T01:16:48 KST" name="Default test" finished-at="2023-11-05T01:17:03 KST" duration-ms="14650">
      <class name="android_test01.android01">
        <test-method is-config="true" signature="setUp()[pri:0, instance:android_test01.android01@54a7079e]" started-at="2023-11-05T01:16:48 KST" name="setUp" finished-at="2023-11-05T01:16:55 KST" duration-ms="7135" status="PASS">
          <reporter-output>
          </reporter-output>
        </test-method> <!-- setUp -->
        <test-method signature="Test1()[pri:0, instance:android_test01.android01@54a7079e]" started-at="2023-11-05T01:16:55 KST" name="Test1" finished-at="2023-11-05T01:17:02 KST" duration-ms="6952" status="PASS">
          <reporter-output>
          </reporter-output>
        </test-method> <!-- Test1 -->
        <test-method is-config="true" signature="end()[pri:0, instance:android_test01.android01@54a7079e]" started-at="2023-11-05T01:17:02 KST" name="end" finished-at="2023-11-05T01:17:03 KST" duration-ms="512" status="PASS">
          <reporter-output>
          </reporter-output>
        </test-method> <!-- end -->
      </class> <!-- android_test01.android01 -->
    </test> <!-- Default test -->
  </suite> <!-- Default suite -->
</testng-results>
