<?xml version="1.0" encoding="UTF-8"?>
<!-- Generated by org.testng.reporters.JUnitXMLReporter -->
<testsuite hostname="AL02274756.local" ignored="0" name="Default test" tests="3" failures="0" timestamp="19 Mar 2023 13:47:53 GMT" time="58.322" errors="0">
  <testcase name="imgAltTest" time="8.425" classname="com.example.Practice2"/>
  <testcase name="linksTest" time="26.989" classname="com.example.Practice2"/>
  <testcase name="maxLikeTest" time="0.017" classname="com.example.Practice2"/>
</testsuite> <!-- Default test -->
