<?xml version="1.0" encoding="UTF-8"?>
<testng-results skipped="0" failed="0" ignored="0" total="3" passed="3">
  <reporter-output>
  </reporter-output>
  <suite name="Default suite" duration-ms="58322" started-at="2023-03-19T13:46:55Z" finished-at="2023-03-19T13:47:53Z">
    <groups>
    </groups>
    <test name="Default test" duration-ms="58322" started-at="2023-03-19T13:46:55Z" finished-at="2023-03-19T13:47:53Z">
      <class name="com.example.Practice2">
        <test-method status="PASS" signature="setup()[pri:0, instance:com.example.Practice2@6e0dec4a]" name="setup" is-config="true" duration-ms="7605" started-at="2023-03-19T22:46:55Z" finished-at="2023-03-19T22:47:02Z">
          <reporter-output>
          </reporter-output>
        </test-method> <!-- setup -->
        <test-method status="PASS" signature="imgAltTest()[pri:0, instance:com.example.Practice2@6e0dec4a]" name="imgAltTest" duration-ms="8425" started-at="2023-03-19T22:47:02Z" finished-at="2023-03-19T22:47:11Z">
          <reporter-output>
          </reporter-output>
        </test-method> <!-- imgAltTest -->
        <test-method status="PASS" signature="tearDown()[pri:0, instance:com.example.Practice2@6e0dec4a]" name="tearDown" is-config="true" duration-ms="104" started-at="2023-03-19T22:47:11Z" finished-at="2023-03-19T22:47:11Z">
          <reporter-output>
          </reporter-output>
        </test-method> <!-- tearDown -->
        <test-method status="PASS" signature="setup()[pri:0, instance:com.example.Practice2@6e0dec4a]" name="setup" is-config="true" duration-ms="7717" started-at="2023-03-19T22:47:11Z" finished-at="2023-03-19T22:47:19Z">
          <reporter-output>
          </reporter-output>
        </test-method> <!-- setup -->
        <test-method status="PASS" signature="linksTest()[pri:0, instance:com.example.Practice2@6e0dec4a]" name="linksTest" duration-ms="26989" started-at="2023-03-19T22:47:19Z" finished-at="2023-03-19T22:47:46Z">
          <reporter-output>
          </reporter-output>
        </test-method> <!-- linksTest -->
        <test-method status="PASS" signature="tearDown()[pri:0, instance:com.example.Practice2@6e0dec4a]" name="tearDown" is-config="true" duration-ms="101" started-at="2023-03-19T22:47:46Z" finished-at="2023-03-19T22:47:46Z">
          <reporter-output>
          </reporter-output>
        </test-method> <!-- tearDown -->
        <test-method status="PASS" signature="setup()[pri:0, instance:com.example.Practice2@6e0dec4a]" name="setup" is-config="true" duration-ms="7189" started-at="2023-03-19T22:47:46Z" finished-at="2023-03-19T22:47:53Z">
          <reporter-output>
          </reporter-output>
        </test-method> <!-- setup -->
        <test-method status="PASS" signature="maxLikeTest()[pri:0, instance:com.example.Practice2@6e0dec4a]" name="maxLikeTest" duration-ms="17" started-at="2023-03-19T22:47:53Z" finished-at="2023-03-19T22:47:53Z">
          <reporter-output>
          </reporter-output>
        </test-method> <!-- maxLikeTest -->
        <test-method status="PASS" signature="tearDown()[pri:0, instance:com.example.Practice2@6e0dec4a]" name="tearDown" is-config="true" duration-ms="125" started-at="2023-03-19T22:47:53Z" finished-at="2023-03-19T22:47:53Z">
          <reporter-output>
          </reporter-output>
        </test-method> <!-- tearDown -->
      </class> <!-- com.example.Practice2 -->
    </test> <!-- Default test -->
  </suite> <!-- Default suite -->
</testng-results>
