<?xml version="1.0" encoding="UTF-8"?>
<testng-results ignored="0" total="1" passed="1" failed="0" skipped="0">
  <reporter-output>
  </reporter-output>
  <suite started-at="2023-09-06T08:22:02Z" name="Default suite" finished-at="2023-09-06T08:22:18Z" duration-ms="15377">
    <groups>
    </groups>
    <test started-at="2023-09-06T08:22:02Z" name="Default test" finished-at="2023-09-06T08:22:18Z" duration-ms="15377">
      <class name="com.example.SearchTest">
        <test-method is-config="true" signature="setup()[pri:0, instance:com.example.SearchTest@3561c410]" started-at="2023-09-06T17:22:02Z" name="setup" finished-at="2023-09-06T17:22:16Z" duration-ms="13387" status="PASS">
          <reporter-output>
          </reporter-output>
        </test-method> <!-- setup -->
        <test-method signature="searchProduct()[pri:0, instance:com.example.SearchTest@3561c410]" started-at="2023-09-06T17:22:16Z" name="searchProduct" finished-at="2023-09-06T17:22:18Z" duration-ms="1894" status="PASS">
          <reporter-output>
          </reporter-output>
        </test-method> <!-- searchProduct -->
        <test-method is-config="true" signature="tearDown()[pri:0, instance:com.example.SearchTest@3561c410]" started-at="2023-09-06T17:22:18Z" name="tearDown" finished-at="2023-09-06T17:22:18Z" duration-ms="62" status="PASS">
          <reporter-output>
          </reporter-output>
        </test-method> <!-- tearDown -->
      </class> <!-- com.example.SearchTest -->
    </test> <!-- Default test -->
  </suite> <!-- Default suite -->
</testng-results>
