<?xml version="1.0" encoding="UTF-8"?>
<testng-results skipped="0" failed="0" ignored="0" total="1" passed="1">
  <reporter-output>
  </reporter-output>
  <suite name="Default suite" duration-ms="20669" started-at="2023-04-16T04:45:41Z" finished-at="2023-04-16T04:46:01Z">
    <groups>
    </groups>
    <test name="Default test" duration-ms="20669" started-at="2023-04-16T04:45:41Z" finished-at="2023-04-16T04:46:01Z">
      <class name="com.example.Practice5">
        <test-method status="PASS" signature="setup()[pri:0, instance:com.example.Practice5@778d1062]" name="setup" is-config="true" duration-ms="5299" started-at="2023-04-16T13:45:41Z" finished-at="2023-04-16T13:45:46Z">
          <reporter-output>
          </reporter-output>
        </test-method> <!-- setup -->
        <test-method status="PASS" signature="select()[pri:0, instance:com.example.Practice5@778d1062]" name="select" duration-ms="15344" started-at="2023-04-16T13:45:46Z" finished-at="2023-04-16T13:46:01Z">
          <reporter-output>
          </reporter-output>
        </test-method> <!-- select -->
      </class> <!-- com.example.Practice5 -->
    </test> <!-- Default test -->
  </suite> <!-- Default suite -->
</testng-results>
